Info: Starting: Create block symbol file (.bsf)
Info: qsys-generate /home/julien/work/storey_peak/jtag_uart_example_23/qsys/pcie_system.qsys --block-symbol-file --output-directory=/home/julien/work/storey_peak/jtag_uart_example_23/qsys/pcie_system --family="Stratix V" --part=5SEE9F45C2
Progress: Loading qsys/pcie_system.qsys
Progress: Reading input file
Progress: Adding alt_xcvr_reconfig_0 [alt_xcvr_reconfig 19.1]
Progress: Parameterizing module alt_xcvr_reconfig_0
Progress: Adding alt_xcvr_reconfig_1 [alt_xcvr_reconfig 19.1]
Progress: Parameterizing module alt_xcvr_reconfig_1
Progress: Adding clk_0 [clock_source 23.1]
Progress: Parameterizing module clk_0
Progress: Adding intel_lw_uart_0 [intel_lw_uart 23.1]
Progress: Parameterizing module intel_lw_uart_0
Progress: Adding pcie1 [altera_pcie_sv_hip_avmm 23.1]
Progress: Parameterizing module pcie1
Progress: Adding pcie2 [altera_pcie_sv_hip_avmm 23.1]
Progress: Parameterizing module pcie2
Progress: Adding sysid_qsys_0 [altera_avalon_sysid_qsys 23.1]
Progress: Parameterizing module sysid_qsys_0
Progress: Building connections
Progress: Parameterizing connections
Progress: Validating
Progress: Done reading input file
Info: pcie_system.alt_xcvr_reconfig_0: reconfig_from_xcvr port width is 10*46 bits
Info: pcie_system.alt_xcvr_reconfig_0: reconfig_to_xcvr port width is 10*70 bits
Info: pcie_system.alt_xcvr_reconfig_1: reconfig_from_xcvr port width is 10*46 bits
Info: pcie_system.alt_xcvr_reconfig_1: reconfig_to_xcvr port width is 10*70 bits
Info: pcie_system.pcie1: The application clock frequency (pld_clk) is 250 Mhz
Info: pcie_system.pcie1: Family: Stratix V
Info: pcie_system.pcie1: 10 reconfiguration interfaces are required for connection to the external reconfiguration controller and the reconfig driver
Info: pcie_system.pcie1: Credit allocation in the 16 KBytes receive buffer:
Info: pcie_system.pcie1: Posted    : header=16  data=16
Info: pcie_system.pcie1: Non posted: header=16  data=0
Info: pcie_system.pcie1: Completion: header=195 data=781
Info: pcie_system.pcie2: The application clock frequency (pld_clk) is 250 Mhz
Info: pcie_system.pcie2: Family: Stratix V
Info: pcie_system.pcie2: 10 reconfiguration interfaces are required for connection to the external reconfiguration controller and the reconfig driver
Info: pcie_system.pcie2: Credit allocation in the 16 KBytes receive buffer:
Info: pcie_system.pcie2: Posted    : header=16  data=16
Info: pcie_system.pcie2: Non posted: header=16  data=0
Info: pcie_system.pcie2: Completion: header=195 data=781
Info: pcie_system.sysid_qsys_0: System ID is not assigned automatically. Edit the System ID parameter to provide a unique ID
Info: pcie_system.sysid_qsys_0: Time stamp will be automatically updated when this component is generated.
Warning: pcie_system.alt_xcvr_reconfig_0: alt_xcvr_reconfig_0.reconfig_busy must be exported, or connected to a matching conduit.
Warning: pcie_system.alt_xcvr_reconfig_1: alt_xcvr_reconfig_1.reconfig_busy must be exported, or connected to a matching conduit.
Warning: pcie_system.pcie1: pcie1.hip_status must be exported, or connected to a matching conduit.
Warning: pcie_system.pcie1: pcie1.hip_currentspeed must be exported, or connected to a matching conduit.
Warning: pcie_system.pcie1: pcie1.reconfig_clk_locked must be exported, or connected to a matching conduit.
Warning: pcie_system.pcie1: pcie1.hip_pipe must be exported, or connected to a matching conduit.
Warning: pcie_system.pcie2: pcie2.hip_status must be exported, or connected to a matching conduit.
Warning: pcie_system.pcie2: pcie2.hip_currentspeed must be exported, or connected to a matching conduit.
Warning: pcie_system.pcie2: pcie2.reconfig_clk_locked must be exported, or connected to a matching conduit.
Warning: pcie_system.pcie2: pcie2.hip_pipe must be exported, or connected to a matching conduit.
Warning: pcie_system.intel_lw_uart_0: Interrupt sender intel_lw_uart_0.irq is not connected to an interrupt receiver
Warning: pcie_system.alt_xcvr_reconfig_0: alt_xcvr_reconfig_0.reconfig_mgmt must be connected to an Avalon-MM master
Warning: pcie_system.alt_xcvr_reconfig_1: alt_xcvr_reconfig_1.reconfig_mgmt must be connected to an Avalon-MM master
Warning: pcie_system.pcie2: pcie2.Rxm_BAR0 must be connected to an Avalon-MM slave
Info: qsys-generate succeeded.
Info: Finished: Create block symbol file (.bsf)
Info: 
Info: Starting: Create HDL design files for synthesis
Info: qsys-generate /home/julien/work/storey_peak/jtag_uart_example_23/qsys/pcie_system.qsys --synthesis=VERILOG --output-directory=/home/julien/work/storey_peak/jtag_uart_example_23/qsys/pcie_system/synthesis --family="Stratix V" --part=5SEE9F45C2
Progress: Loading qsys/pcie_system.qsys
Progress: Reading input file
Progress: Adding alt_xcvr_reconfig_0 [alt_xcvr_reconfig 19.1]
Progress: Parameterizing module alt_xcvr_reconfig_0
Progress: Adding alt_xcvr_reconfig_1 [alt_xcvr_reconfig 19.1]
Progress: Parameterizing module alt_xcvr_reconfig_1
Progress: Adding clk_0 [clock_source 23.1]
Progress: Parameterizing module clk_0
Progress: Adding intel_lw_uart_0 [intel_lw_uart 23.1]
Progress: Parameterizing module intel_lw_uart_0
Progress: Adding pcie1 [altera_pcie_sv_hip_avmm 23.1]
Progress: Parameterizing module pcie1
Progress: Adding pcie2 [altera_pcie_sv_hip_avmm 23.1]
Progress: Parameterizing module pcie2
Progress: Adding sysid_qsys_0 [altera_avalon_sysid_qsys 23.1]
Progress: Parameterizing module sysid_qsys_0
Progress: Building connections
Progress: Parameterizing connections
Progress: Validating
Progress: Done reading input file
Info: pcie_system.alt_xcvr_reconfig_0: reconfig_from_xcvr port width is 10*46 bits
Info: pcie_system.alt_xcvr_reconfig_0: reconfig_to_xcvr port width is 10*70 bits
Info: pcie_system.alt_xcvr_reconfig_1: reconfig_from_xcvr port width is 10*46 bits
Info: pcie_system.alt_xcvr_reconfig_1: reconfig_to_xcvr port width is 10*70 bits
Info: pcie_system.pcie1: The application clock frequency (pld_clk) is 250 Mhz
Info: pcie_system.pcie1: Family: Stratix V
Info: pcie_system.pcie1: 10 reconfiguration interfaces are required for connection to the external reconfiguration controller and the reconfig driver
Info: pcie_system.pcie1: Credit allocation in the 16 KBytes receive buffer:
Info: pcie_system.pcie1: Posted    : header=16  data=16
Info: pcie_system.pcie1: Non posted: header=16  data=0
Info: pcie_system.pcie1: Completion: header=195 data=781
Info: pcie_system.pcie2: The application clock frequency (pld_clk) is 250 Mhz
Info: pcie_system.pcie2: Family: Stratix V
Info: pcie_system.pcie2: 10 reconfiguration interfaces are required for connection to the external reconfiguration controller and the reconfig driver
Info: pcie_system.pcie2: Credit allocation in the 16 KBytes receive buffer:
Info: pcie_system.pcie2: Posted    : header=16  data=16
Info: pcie_system.pcie2: Non posted: header=16  data=0
Info: pcie_system.pcie2: Completion: header=195 data=781
Info: pcie_system.sysid_qsys_0: System ID is not assigned automatically. Edit the System ID parameter to provide a unique ID
Info: pcie_system.sysid_qsys_0: Time stamp will be automatically updated when this component is generated.
Warning: pcie_system.alt_xcvr_reconfig_0: alt_xcvr_reconfig_0.reconfig_busy must be exported, or connected to a matching conduit.
Warning: pcie_system.alt_xcvr_reconfig_1: alt_xcvr_reconfig_1.reconfig_busy must be exported, or connected to a matching conduit.
Warning: pcie_system.pcie1: pcie1.hip_status must be exported, or connected to a matching conduit.
Warning: pcie_system.pcie1: pcie1.hip_currentspeed must be exported, or connected to a matching conduit.
Warning: pcie_system.pcie1: pcie1.reconfig_clk_locked must be exported, or connected to a matching conduit.
Warning: pcie_system.pcie1: pcie1.hip_pipe must be exported, or connected to a matching conduit.
Warning: pcie_system.pcie2: pcie2.hip_status must be exported, or connected to a matching conduit.
Warning: pcie_system.pcie2: pcie2.hip_currentspeed must be exported, or connected to a matching conduit.
Warning: pcie_system.pcie2: pcie2.reconfig_clk_locked must be exported, or connected to a matching conduit.
Warning: pcie_system.pcie2: pcie2.hip_pipe must be exported, or connected to a matching conduit.
Warning: pcie_system.intel_lw_uart_0: Interrupt sender intel_lw_uart_0.irq is not connected to an interrupt receiver
Warning: pcie_system.alt_xcvr_reconfig_0: alt_xcvr_reconfig_0.reconfig_mgmt must be connected to an Avalon-MM master
Warning: pcie_system.alt_xcvr_reconfig_1: alt_xcvr_reconfig_1.reconfig_mgmt must be connected to an Avalon-MM master
Warning: pcie_system.pcie2: pcie2.Rxm_BAR0 must be connected to an Avalon-MM slave
Info: pcie_system: Generating pcie_system "pcie_system" for QUARTUS_SYNTH
Info: alt_xcvr_reconfig_0: add_fileset_file ./altera_xcvr_functions.sv SYSTEM_VERILOG PATH ../../altera_xcvr_generic/altera_xcvr_functions.sv
Info: alt_xcvr_reconfig_0: add_fileset_file ./sv_xcvr_h.sv SYSTEM_VERILOG PATH ../../altera_xcvr_generic/sv/sv_xcvr_h.sv
Info: alt_xcvr_reconfig_0: add_fileset_file ./alt_xcvr_resync.sv SYSTEM_VERILOG PATH ../../altera_xcvr_generic/ctrl/alt_xcvr_resync.sv
Info: alt_xcvr_reconfig_0: add_fileset_file ./alt_xcvr_reconfig_h.sv SYSTEM_VERILOG PATH .//alt_xcvr_reconfig_h.sv
Info: alt_xcvr_reconfig_0: add_fileset_file ./sv_xcvr_dfe_cal_sweep_h.sv SYSTEM_VERILOG PATH ../alt_xcvr_reconfig_dfe/sv_xcvr_dfe_cal_sweep_h.sv
Info: alt_xcvr_reconfig_0: add_fileset_file ./alt_xcvr_reconfig.sv SYSTEM_VERILOG PATH .//alt_xcvr_reconfig.sv
Info: alt_xcvr_reconfig_0: add_fileset_file ./alt_xcvr_reconfig_sv.sv SYSTEM_VERILOG PATH .//alt_xcvr_reconfig_sv.sv
Info: alt_xcvr_reconfig_0: add_fileset_file ./alt_xcvr_reconfig_cal_seq.sv SYSTEM_VERILOG PATH .//alt_xcvr_reconfig_cal_seq.sv
Info: alt_xcvr_reconfig_0: add_fileset_file ./alt_xreconf_cif.sv SYSTEM_VERILOG PATH .//alt_xreconf_cif.sv
Info: alt_xcvr_reconfig_0: add_fileset_file ./alt_xreconf_uif.sv SYSTEM_VERILOG PATH .//alt_xreconf_uif.sv
Info: alt_xcvr_reconfig_0: add_fileset_file ./alt_xreconf_basic_acq.sv SYSTEM_VERILOG PATH .//alt_xreconf_basic_acq.sv
Info: alt_xcvr_reconfig_0: add_fileset_file ./alt_xcvr_reconfig_analog.sv SYSTEM_VERILOG PATH ../alt_xcvr_reconfig_analog/alt_xcvr_reconfig_analog.sv
Info: alt_xcvr_reconfig_0: add_fileset_file ./alt_xcvr_reconfig_analog_sv.sv SYSTEM_VERILOG PATH ../alt_xcvr_reconfig_analog/alt_xcvr_reconfig_analog_sv.sv
Info: alt_xcvr_reconfig_0: add_fileset_file ./alt_xreconf_analog_datactrl.sv SYSTEM_VERILOG PATH ../alt_xcvr_reconfig_analog/alt_xreconf_analog_datactrl.sv
Info: alt_xcvr_reconfig_0: add_fileset_file ./alt_xreconf_analog_rmw.sv SYSTEM_VERILOG PATH ../alt_xcvr_reconfig_analog/alt_xreconf_analog_rmw.sv
Info: alt_xcvr_reconfig_0: add_fileset_file ./alt_xreconf_analog_ctrlsm.sv SYSTEM_VERILOG PATH ../alt_xcvr_reconfig_analog/alt_xreconf_analog_ctrlsm.sv
Info: alt_xcvr_reconfig_0: add_fileset_file ./alt_xcvr_reconfig_offset_cancellation.sv SYSTEM_VERILOG PATH ../alt_xcvr_reconfig_offset_cancellation/alt_xcvr_reconfig_offset_cancellation.sv
Info: alt_xcvr_reconfig_0: add_fileset_file ./alt_xcvr_reconfig_offset_cancellation_sv.sv SYSTEM_VERILOG PATH ../alt_xcvr_reconfig_offset_cancellation/alt_xcvr_reconfig_offset_cancellation_sv.sv
Info: alt_xcvr_reconfig_0: add_fileset_file ./alt_xcvr_reconfig_eyemon.sv SYSTEM_VERILOG PATH ../alt_xcvr_reconfig_eyemon/alt_xcvr_reconfig_eyemon.sv
Info: alt_xcvr_reconfig_0: add_fileset_file ./alt_xcvr_reconfig_eyemon_sv.sv SYSTEM_VERILOG PATH ../alt_xcvr_reconfig_eyemon/alt_xcvr_reconfig_eyemon_sv.sv
Info: alt_xcvr_reconfig_0: add_fileset_file ./alt_xcvr_reconfig_eyemon_ctrl_sv.sv SYSTEM_VERILOG PATH ../alt_xcvr_reconfig_eyemon/alt_xcvr_reconfig_eyemon_ctrl_sv.sv
Info: alt_xcvr_reconfig_0: add_fileset_file ./alt_xcvr_reconfig_eyemon_ber_sv.sv SYSTEM_VERILOG PATH ../alt_xcvr_reconfig_eyemon/alt_xcvr_reconfig_eyemon_ber_sv.sv
Info: alt_xcvr_reconfig_0: add_fileset_file ./ber_reader_dcfifo.v VERILOG PATH ../alt_xcvr_reconfig_eyemon/ber_reader_dcfifo.v
Info: alt_xcvr_reconfig_0: add_fileset_file ./step_to_mon_sv.sv SYSTEM_VERILOG PATH ../alt_xcvr_reconfig_eyemon/step_to_mon_sv.sv
Info: alt_xcvr_reconfig_0: add_fileset_file ./mon_to_step_sv.sv SYSTEM_VERILOG PATH ../alt_xcvr_reconfig_eyemon/mon_to_step_sv.sv
Info: alt_xcvr_reconfig_0: add_fileset_file ./alt_xcvr_reconfig_dfe.sv SYSTEM_VERILOG PATH ../alt_xcvr_reconfig_dfe/alt_xcvr_reconfig_dfe.sv
Info: alt_xcvr_reconfig_0: add_fileset_file ./alt_xcvr_reconfig_dfe_sv.sv SYSTEM_VERILOG PATH ../alt_xcvr_reconfig_dfe/alt_xcvr_reconfig_dfe_sv.sv
Info: alt_xcvr_reconfig_0: add_fileset_file ./alt_xcvr_reconfig_dfe_reg_sv.sv SYSTEM_VERILOG PATH ../alt_xcvr_reconfig_dfe/alt_xcvr_reconfig_dfe_reg_sv.sv
Info: alt_xcvr_reconfig_0: add_fileset_file ./alt_xcvr_reconfig_dfe_cal_sv.sv SYSTEM_VERILOG PATH ../alt_xcvr_reconfig_dfe/alt_xcvr_reconfig_dfe_cal_sv.sv
Info: alt_xcvr_reconfig_0: add_fileset_file ./alt_xcvr_reconfig_dfe_cal_sweep_sv.sv SYSTEM_VERILOG PATH ../alt_xcvr_reconfig_dfe/alt_xcvr_reconfig_dfe_cal_sweep_sv.sv
Info: alt_xcvr_reconfig_0: add_fileset_file ./alt_xcvr_reconfig_dfe_cal_sweep_datapath_sv.sv SYSTEM_VERILOG PATH ../alt_xcvr_reconfig_dfe/alt_xcvr_reconfig_dfe_cal_sweep_datapath_sv.sv
Info: alt_xcvr_reconfig_0: add_fileset_file ./alt_xcvr_reconfig_dfe_oc_cal_sv.sv SYSTEM_VERILOG PATH ../alt_xcvr_reconfig_dfe/alt_xcvr_reconfig_dfe_oc_cal_sv.sv
Info: alt_xcvr_reconfig_0: add_fileset_file ./alt_xcvr_reconfig_dfe_pi_phase_sv.sv SYSTEM_VERILOG PATH ../alt_xcvr_reconfig_dfe/alt_xcvr_reconfig_dfe_pi_phase_sv.sv
Info: alt_xcvr_reconfig_0: add_fileset_file ./alt_xcvr_reconfig_dfe_step_to_mon_en_sv.sv SYSTEM_VERILOG PATH ../alt_xcvr_reconfig_dfe/alt_xcvr_reconfig_dfe_step_to_mon_en_sv.sv
Info: alt_xcvr_reconfig_0: add_fileset_file ./alt_xcvr_reconfig_dfe_adapt_tap_sv.sv SYSTEM_VERILOG PATH ../alt_xcvr_reconfig_dfe/alt_xcvr_reconfig_dfe_adapt_tap_sv.sv
Info: alt_xcvr_reconfig_0: add_fileset_file ./alt_xcvr_reconfig_dfe_ctrl_mux_sv.sv SYSTEM_VERILOG PATH ../alt_xcvr_reconfig_dfe/alt_xcvr_reconfig_dfe_ctrl_mux_sv.sv
Info: alt_xcvr_reconfig_0: add_fileset_file ./alt_xcvr_reconfig_dfe_local_reset_sv.sv SYSTEM_VERILOG PATH ../alt_xcvr_reconfig_dfe/alt_xcvr_reconfig_dfe_local_reset_sv.sv
Info: alt_xcvr_reconfig_0: add_fileset_file ./alt_xcvr_reconfig_dfe_cal_sim_sv.sv SYSTEM_VERILOG PATH ../alt_xcvr_reconfig_dfe/alt_xcvr_reconfig_dfe_cal_sim_sv.sv
Info: alt_xcvr_reconfig_0: add_fileset_file ./alt_xcvr_reconfig_dfe_adapt_tap_sim_sv.sv SYSTEM_VERILOG PATH ../alt_xcvr_reconfig_dfe/alt_xcvr_reconfig_dfe_adapt_tap_sim_sv.sv
Info: alt_xcvr_reconfig_0: add_fileset_file ./alt_xcvr_reconfig_adce.sv SYSTEM_VERILOG PATH ../alt_xcvr_reconfig_adce/alt_xcvr_reconfig_adce.sv
Info: alt_xcvr_reconfig_0: add_fileset_file ./alt_xcvr_reconfig_adce_sv.sv SYSTEM_VERILOG PATH ../alt_xcvr_reconfig_adce/alt_xcvr_reconfig_adce_sv.sv
Info: alt_xcvr_reconfig_0: add_fileset_file ./alt_xcvr_reconfig_adce_datactrl_sv.sv SYSTEM_VERILOG PATH ../alt_xcvr_reconfig_adce/alt_xcvr_reconfig_adce_datactrl_sv.sv
Info: alt_xcvr_reconfig_0: add_fileset_file ./alt_xcvr_reconfig_dcd.sv SYSTEM_VERILOG PATH ../alt_xcvr_reconfig_dcd/alt_xcvr_reconfig_dcd.sv
Info: alt_xcvr_reconfig_0: add_fileset_file ./alt_xcvr_reconfig_dcd_sv.sv SYSTEM_VERILOG PATH ../alt_xcvr_reconfig_dcd/alt_xcvr_reconfig_dcd_sv.sv
Info: alt_xcvr_reconfig_0: add_fileset_file ./alt_xcvr_reconfig_dcd_cal.sv SYSTEM_VERILOG PATH ../alt_xcvr_reconfig_dcd/alt_xcvr_reconfig_dcd_cal.sv
Info: alt_xcvr_reconfig_0: add_fileset_file ./alt_xcvr_reconfig_dcd_control.sv SYSTEM_VERILOG PATH ../alt_xcvr_reconfig_dcd/alt_xcvr_reconfig_dcd_control.sv
Info: alt_xcvr_reconfig_0: add_fileset_file ./alt_xcvr_reconfig_dcd_datapath.sv SYSTEM_VERILOG PATH ../alt_xcvr_reconfig_dcd/alt_xcvr_reconfig_dcd_datapath.sv
Info: alt_xcvr_reconfig_0: add_fileset_file ./alt_xcvr_reconfig_dcd_pll_reset.sv SYSTEM_VERILOG PATH ../alt_xcvr_reconfig_dcd/alt_xcvr_reconfig_dcd_pll_reset.sv
Info: alt_xcvr_reconfig_0: add_fileset_file ./alt_xcvr_reconfig_dcd_eye_width.sv SYSTEM_VERILOG PATH ../alt_xcvr_reconfig_dcd/alt_xcvr_reconfig_dcd_eye_width.sv
Info: alt_xcvr_reconfig_0: add_fileset_file ./alt_xcvr_reconfig_dcd_align_clk.sv SYSTEM_VERILOG PATH ../alt_xcvr_reconfig_dcd/alt_xcvr_reconfig_dcd_align_clk.sv
Info: alt_xcvr_reconfig_0: add_fileset_file ./alt_xcvr_reconfig_dcd_get_sum.sv SYSTEM_VERILOG PATH ../alt_xcvr_reconfig_dcd/alt_xcvr_reconfig_dcd_get_sum.sv
Info: alt_xcvr_reconfig_0: add_fileset_file ./alt_xcvr_reconfig_dcd_cal_sim_model.sv SYSTEM_VERILOG PATH ../alt_xcvr_reconfig_dcd/alt_xcvr_reconfig_dcd_cal_sim_model.sv
Info: alt_xcvr_reconfig_0: add_fileset_file ./alt_xcvr_reconfig_mif.sv SYSTEM_VERILOG PATH ../alt_xcvr_reconfig_mif/alt_xcvr_reconfig_mif.sv
Info: alt_xcvr_reconfig_0: add_fileset_file ./sv_xcvr_reconfig_mif.sv SYSTEM_VERILOG PATH ../alt_xcvr_reconfig_mif/sv_xcvr_reconfig_mif.sv
Info: alt_xcvr_reconfig_0: add_fileset_file ./sv_xcvr_reconfig_mif_ctrl.sv SYSTEM_VERILOG PATH ../alt_xcvr_reconfig_mif/sv_xcvr_reconfig_mif_ctrl.sv
Info: alt_xcvr_reconfig_0: add_fileset_file ./sv_xcvr_reconfig_mif_avmm.sv SYSTEM_VERILOG PATH ../alt_xcvr_reconfig_mif/sv_xcvr_reconfig_mif_avmm.sv
Info: alt_xcvr_reconfig_0: add_fileset_file ./alt_xcvr_reconfig_pll.sv SYSTEM_VERILOG PATH ../alt_xcvr_reconfig_pll/alt_xcvr_reconfig_pll.sv
Info: alt_xcvr_reconfig_0: add_fileset_file ./sv_xcvr_reconfig_pll.sv SYSTEM_VERILOG PATH ../alt_xcvr_reconfig_pll/sv_xcvr_reconfig_pll.sv
Info: alt_xcvr_reconfig_0: add_fileset_file ./sv_xcvr_reconfig_pll_ctrl.sv SYSTEM_VERILOG PATH ../alt_xcvr_reconfig_pll/sv_xcvr_reconfig_pll_ctrl.sv
Info: alt_xcvr_reconfig_0: add_fileset_file ./alt_xcvr_reconfig_soc.sv SYSTEM_VERILOG PATH ../alt_xcvr_reconfig_soc/alt_xcvr_reconfig_soc.sv
Info: alt_xcvr_reconfig_0: add_fileset_file ./alt_xcvr_reconfig_cpu_ram.sv SYSTEM_VERILOG PATH ../alt_xcvr_reconfig_soc/alt_xcvr_reconfig_cpu_ram.sv
Info: alt_xcvr_reconfig_0: add_fileset_file ./alt_xcvr_reconfig_cpu_ram.hex OTHER PATH ../alt_xcvr_reconfig_soc/software/alt_xcvr_reconfig/mem_init/alt_xcvr_reconfig_cpu_ram.hex
Info: alt_xcvr_reconfig_0: add_fileset_file ./alt_xcvr_reconfig_direct.sv SYSTEM_VERILOG PATH ../alt_xcvr_reconfig_direct/alt_xcvr_reconfig_direct.sv
Info: alt_xcvr_reconfig_0: add_fileset_file ./sv_xrbasic_l2p_addr.sv SYSTEM_VERILOG PATH ../alt_xcvr_reconfig_basic/sv_xrbasic_l2p_addr.sv
Info: alt_xcvr_reconfig_0: add_fileset_file ./sv_xrbasic_l2p_ch.sv SYSTEM_VERILOG PATH ../alt_xcvr_reconfig_basic/sv_xrbasic_l2p_ch.sv
Info: alt_xcvr_reconfig_0: add_fileset_file ./sv_xrbasic_l2p_rom.sv SYSTEM_VERILOG PATH ../alt_xcvr_reconfig_basic/sv_xrbasic_l2p_rom.sv
Info: alt_xcvr_reconfig_0: add_fileset_file ./sv_xrbasic_lif_csr.sv SYSTEM_VERILOG PATH ../alt_xcvr_reconfig_basic/sv_xrbasic_lif_csr.sv
Info: alt_xcvr_reconfig_0: add_fileset_file ./sv_xrbasic_lif.sv SYSTEM_VERILOG PATH ../alt_xcvr_reconfig_basic/sv_xrbasic_lif.sv
Info: alt_xcvr_reconfig_0: add_fileset_file ./sv_xcvr_reconfig_basic.sv SYSTEM_VERILOG PATH ../alt_xcvr_reconfig_basic/sv_xcvr_reconfig_basic.sv
Info: alt_xcvr_reconfig_0: add_fileset_file ./alt_arbiter_acq.sv SYSTEM_VERILOG PATH ../alt_xcvr_reconfig_basic/alt_arbiter_acq.sv
Info: alt_xcvr_reconfig_0: add_fileset_file ./alt_xcvr_reconfig_basic.sv SYSTEM_VERILOG PATH ../alt_xcvr_reconfig_basic/alt_xcvr_reconfig_basic.sv
Info: alt_xcvr_reconfig_0: add_fileset_file ./alt_xcvr_reconfig.sdc OTHER PATH .//alt_xcvr_reconfig.sdc
Info: alt_xcvr_reconfig_0: add_fileset_file ./alt_xcvr_arbiter.sv SYSTEM_VERILOG PATH ../../altera_xcvr_generic/ctrl/alt_xcvr_arbiter.sv
Info: alt_xcvr_reconfig_0: add_fileset_file ./alt_xcvr_m2s.sv SYSTEM_VERILOG PATH ../../altera_xcvr_generic/ctrl/alt_xcvr_m2s.sv
Info: alt_xcvr_reconfig_0: add_fileset_file ./altera_wait_generate.v VERILOG PATH ../../altera_xcvr_generic/ctrl/altera_wait_generate.v
Info: alt_xcvr_reconfig_0: add_fileset_file ./alt_xcvr_csr_selector.sv SYSTEM_VERILOG PATH ../../altera_xcvr_generic/ctrl/alt_xcvr_csr_selector.sv
Info: alt_xcvr_reconfig_0: add_fileset_file ./sv_reconfig_bundle_to_basic.sv SYSTEM_VERILOG PATH ../../altera_xcvr_generic/sv/sv_reconfig_bundle_to_basic.sv
Info: alt_xcvr_reconfig_0: add_fileset_file ./alt_xcvr_reconfig_cpu.v VERILOG PATH ../../../../../../../tmp/alt0099_4428286666975366168.dir/0022_alt_xcvr_reconfig_0_gen/QUARTUS_SYNTH/alt_xcvr_reconfig_cpu.v
Info: alt_xcvr_reconfig_0: add_fileset_file ./alt_xcvr_reconfig_cpu_reconfig_cpu.v VERILOG PATH ../../../../../../../tmp/alt0099_4428286666975366168.dir/0022_alt_xcvr_reconfig_0_gen/QUARTUS_SYNTH/submodules/alt_xcvr_reconfig_cpu_reconfig_cpu.v
Info: alt_xcvr_reconfig_0: add_fileset_file ./alt_xcvr_reconfig_cpu_mm_interconnect_0.v VERILOG PATH ../../../../../../../tmp/alt0099_4428286666975366168.dir/0022_alt_xcvr_reconfig_0_gen/QUARTUS_SYNTH/submodules/alt_xcvr_reconfig_cpu_mm_interconnect_0.v
Info: alt_xcvr_reconfig_0: add_fileset_file ./alt_xcvr_reconfig_cpu_irq_mapper.sv SYSTEM_VERILOG PATH ../../../../../../../tmp/alt0099_4428286666975366168.dir/0022_alt_xcvr_reconfig_0_gen/QUARTUS_SYNTH/submodules/alt_xcvr_reconfig_cpu_irq_mapper.sv
Info: alt_xcvr_reconfig_0: add_fileset_file ./altera_reset_controller.v VERILOG PATH ../../../../../../../tmp/alt0099_4428286666975366168.dir/0022_alt_xcvr_reconfig_0_gen/QUARTUS_SYNTH/submodules/altera_reset_controller.v
Info: alt_xcvr_reconfig_0: add_fileset_file ./altera_reset_synchronizer.v VERILOG PATH ../../../../../../../tmp/alt0099_4428286666975366168.dir/0022_alt_xcvr_reconfig_0_gen/QUARTUS_SYNTH/submodules/altera_reset_synchronizer.v
Info: alt_xcvr_reconfig_0: add_fileset_file ./altera_reset_controller.sdc OTHER PATH ../../../../../../../tmp/alt0099_4428286666975366168.dir/0022_alt_xcvr_reconfig_0_gen/QUARTUS_SYNTH/submodules/altera_reset_controller.sdc
Info: alt_xcvr_reconfig_0: add_fileset_file ./alt_xcvr_reconfig_cpu_reconfig_cpu_cpu_ociram_default_contents.mif OTHER PATH ../../../../../../../tmp/alt0099_4428286666975366168.dir/0022_alt_xcvr_reconfig_0_gen/QUARTUS_SYNTH/submodules/alt_xcvr_reconfig_cpu_reconfig_cpu_cpu_ociram_default_contents.mif
Info: alt_xcvr_reconfig_0: add_fileset_file ./alt_xcvr_reconfig_cpu_reconfig_cpu_cpu.sdc OTHER PATH ../../../../../../../tmp/alt0099_4428286666975366168.dir/0022_alt_xcvr_reconfig_0_gen/QUARTUS_SYNTH/submodules/alt_xcvr_reconfig_cpu_reconfig_cpu_cpu.sdc
Info: alt_xcvr_reconfig_0: add_fileset_file ./alt_xcvr_reconfig_cpu_reconfig_cpu_cpu_debug_slave_sysclk.v VERILOG PATH ../../../../../../../tmp/alt0099_4428286666975366168.dir/0022_alt_xcvr_reconfig_0_gen/QUARTUS_SYNTH/submodules/alt_xcvr_reconfig_cpu_reconfig_cpu_cpu_debug_slave_sysclk.v
Info: alt_xcvr_reconfig_0: add_fileset_file ./alt_xcvr_reconfig_cpu_reconfig_cpu_cpu_test_bench.v VERILOG PATH ../../../../../../../tmp/alt0099_4428286666975366168.dir/0022_alt_xcvr_reconfig_0_gen/QUARTUS_SYNTH/submodules/alt_xcvr_reconfig_cpu_reconfig_cpu_cpu_test_bench.v
Info: alt_xcvr_reconfig_0: add_fileset_file ./alt_xcvr_reconfig_cpu_reconfig_cpu_cpu_rf_ram_b.mif OTHER PATH ../../../../../../../tmp/alt0099_4428286666975366168.dir/0022_alt_xcvr_reconfig_0_gen/QUARTUS_SYNTH/submodules/alt_xcvr_reconfig_cpu_reconfig_cpu_cpu_rf_ram_b.mif
Info: alt_xcvr_reconfig_0: add_fileset_file ./alt_xcvr_reconfig_cpu_reconfig_cpu_cpu_debug_slave_tck.v VERILOG PATH ../../../../../../../tmp/alt0099_4428286666975366168.dir/0022_alt_xcvr_reconfig_0_gen/QUARTUS_SYNTH/submodules/alt_xcvr_reconfig_cpu_reconfig_cpu_cpu_debug_slave_tck.v
Info: alt_xcvr_reconfig_0: add_fileset_file ./alt_xcvr_reconfig_cpu_reconfig_cpu_cpu_debug_slave_wrapper.v VERILOG PATH ../../../../../../../tmp/alt0099_4428286666975366168.dir/0022_alt_xcvr_reconfig_0_gen/QUARTUS_SYNTH/submodules/alt_xcvr_reconfig_cpu_reconfig_cpu_cpu_debug_slave_wrapper.v
Info: alt_xcvr_reconfig_0: add_fileset_file ./alt_xcvr_reconfig_cpu_reconfig_cpu_cpu.v VERILOG PATH ../../../../../../../tmp/alt0099_4428286666975366168.dir/0022_alt_xcvr_reconfig_0_gen/QUARTUS_SYNTH/submodules/alt_xcvr_reconfig_cpu_reconfig_cpu_cpu.v
Info: alt_xcvr_reconfig_0: add_fileset_file ./alt_xcvr_reconfig_cpu_reconfig_cpu_cpu_rf_ram_a.mif OTHER PATH ../../../../../../../tmp/alt0099_4428286666975366168.dir/0022_alt_xcvr_reconfig_0_gen/QUARTUS_SYNTH/submodules/alt_xcvr_reconfig_cpu_reconfig_cpu_cpu_rf_ram_a.mif
Info: alt_xcvr_reconfig_0: add_fileset_file ./altera_merlin_master_translator.sv SYSTEM_VERILOG PATH ../../../../../../../tmp/alt0099_4428286666975366168.dir/0022_alt_xcvr_reconfig_0_gen/QUARTUS_SYNTH/submodules/altera_merlin_master_translator.sv
Info: alt_xcvr_reconfig_0: add_fileset_file ./altera_merlin_slave_translator.sv SYSTEM_VERILOG PATH ../../../../../../../tmp/alt0099_4428286666975366168.dir/0022_alt_xcvr_reconfig_0_gen/QUARTUS_SYNTH/submodules/altera_merlin_slave_translator.sv
Info: alt_xcvr_reconfig_0: add_fileset_file ./altera_merlin_master_agent.sv SYSTEM_VERILOG PATH ../../../../../../../tmp/alt0099_4428286666975366168.dir/0022_alt_xcvr_reconfig_0_gen/QUARTUS_SYNTH/submodules/altera_merlin_master_agent.sv
Info: alt_xcvr_reconfig_0: add_fileset_file ./altera_merlin_slave_agent.sv SYSTEM_VERILOG PATH ../../../../../../../tmp/alt0099_4428286666975366168.dir/0022_alt_xcvr_reconfig_0_gen/QUARTUS_SYNTH/submodules/altera_merlin_slave_agent.sv
Info: alt_xcvr_reconfig_0: add_fileset_file ./altera_merlin_burst_uncompressor.sv SYSTEM_VERILOG PATH ../../../../../../../tmp/alt0099_4428286666975366168.dir/0022_alt_xcvr_reconfig_0_gen/QUARTUS_SYNTH/submodules/altera_merlin_burst_uncompressor.sv
Info: alt_xcvr_reconfig_0: add_fileset_file ./altera_avalon_sc_fifo.v VERILOG PATH ../../../../../../../tmp/alt0099_4428286666975366168.dir/0022_alt_xcvr_reconfig_0_gen/QUARTUS_SYNTH/submodules/altera_avalon_sc_fifo.v
Info: alt_xcvr_reconfig_0: add_fileset_file ./alt_xcvr_reconfig_cpu_mm_interconnect_0_router.sv SYSTEM_VERILOG PATH ../../../../../../../tmp/alt0099_4428286666975366168.dir/0022_alt_xcvr_reconfig_0_gen/QUARTUS_SYNTH/submodules/alt_xcvr_reconfig_cpu_mm_interconnect_0_router.sv
Info: alt_xcvr_reconfig_0: add_fileset_file ./alt_xcvr_reconfig_cpu_mm_interconnect_0_router_001.sv SYSTEM_VERILOG PATH ../../../../../../../tmp/alt0099_4428286666975366168.dir/0022_alt_xcvr_reconfig_0_gen/QUARTUS_SYNTH/submodules/alt_xcvr_reconfig_cpu_mm_interconnect_0_router_001.sv
Info: alt_xcvr_reconfig_0: add_fileset_file ./alt_xcvr_reconfig_cpu_mm_interconnect_0_router_002.sv SYSTEM_VERILOG PATH ../../../../../../../tmp/alt0099_4428286666975366168.dir/0022_alt_xcvr_reconfig_0_gen/QUARTUS_SYNTH/submodules/alt_xcvr_reconfig_cpu_mm_interconnect_0_router_002.sv
Info: alt_xcvr_reconfig_0: add_fileset_file ./alt_xcvr_reconfig_cpu_mm_interconnect_0_router_003.sv SYSTEM_VERILOG PATH ../../../../../../../tmp/alt0099_4428286666975366168.dir/0022_alt_xcvr_reconfig_0_gen/QUARTUS_SYNTH/submodules/alt_xcvr_reconfig_cpu_mm_interconnect_0_router_003.sv
Info: alt_xcvr_reconfig_0: add_fileset_file ./alt_xcvr_reconfig_cpu_mm_interconnect_0_cmd_demux.sv SYSTEM_VERILOG PATH ../../../../../../../tmp/alt0099_4428286666975366168.dir/0022_alt_xcvr_reconfig_0_gen/QUARTUS_SYNTH/submodules/alt_xcvr_reconfig_cpu_mm_interconnect_0_cmd_demux.sv
Info: alt_xcvr_reconfig_0: add_fileset_file ./alt_xcvr_reconfig_cpu_mm_interconnect_0_cmd_demux_001.sv SYSTEM_VERILOG PATH ../../../../../../../tmp/alt0099_4428286666975366168.dir/0022_alt_xcvr_reconfig_0_gen/QUARTUS_SYNTH/submodules/alt_xcvr_reconfig_cpu_mm_interconnect_0_cmd_demux_001.sv
Info: alt_xcvr_reconfig_0: add_fileset_file ./alt_xcvr_reconfig_cpu_mm_interconnect_0_cmd_mux.sv SYSTEM_VERILOG PATH ../../../../../../../tmp/alt0099_4428286666975366168.dir/0022_alt_xcvr_reconfig_0_gen/QUARTUS_SYNTH/submodules/alt_xcvr_reconfig_cpu_mm_interconnect_0_cmd_mux.sv
Info: alt_xcvr_reconfig_0: add_fileset_file ./altera_merlin_arbitrator.sv SYSTEM_VERILOG PATH ../../../../../../../tmp/alt0099_4428286666975366168.dir/0022_alt_xcvr_reconfig_0_gen/QUARTUS_SYNTH/submodules/altera_merlin_arbitrator.sv
Info: alt_xcvr_reconfig_0: add_fileset_file ./alt_xcvr_reconfig_cpu_mm_interconnect_0_cmd_mux_001.sv SYSTEM_VERILOG PATH ../../../../../../../tmp/alt0099_4428286666975366168.dir/0022_alt_xcvr_reconfig_0_gen/QUARTUS_SYNTH/submodules/alt_xcvr_reconfig_cpu_mm_interconnect_0_cmd_mux_001.sv
Info: alt_xcvr_reconfig_0: add_fileset_file ./alt_xcvr_reconfig_cpu_mm_interconnect_0_rsp_demux.sv SYSTEM_VERILOG PATH ../../../../../../../tmp/alt0099_4428286666975366168.dir/0022_alt_xcvr_reconfig_0_gen/QUARTUS_SYNTH/submodules/alt_xcvr_reconfig_cpu_mm_interconnect_0_rsp_demux.sv
Info: alt_xcvr_reconfig_0: add_fileset_file ./alt_xcvr_reconfig_cpu_mm_interconnect_0_rsp_mux.sv SYSTEM_VERILOG PATH ../../../../../../../tmp/alt0099_4428286666975366168.dir/0022_alt_xcvr_reconfig_0_gen/QUARTUS_SYNTH/submodules/alt_xcvr_reconfig_cpu_mm_interconnect_0_rsp_mux.sv
Info: alt_xcvr_reconfig_0: add_fileset_file ./alt_xcvr_reconfig_cpu_mm_interconnect_0_rsp_mux_001.sv SYSTEM_VERILOG PATH ../../../../../../../tmp/alt0099_4428286666975366168.dir/0022_alt_xcvr_reconfig_0_gen/QUARTUS_SYNTH/submodules/alt_xcvr_reconfig_cpu_mm_interconnect_0_rsp_mux_001.sv
Info: alt_xcvr_reconfig_0: add_fileset_file ./alt_xcvr_reconfig_cpu_mm_interconnect_0_avalon_st_adapter.v VERILOG PATH ../../../../../../../tmp/alt0099_4428286666975366168.dir/0022_alt_xcvr_reconfig_0_gen/QUARTUS_SYNTH/submodules/alt_xcvr_reconfig_cpu_mm_interconnect_0_avalon_st_adapter.v
Info: alt_xcvr_reconfig_0: add_fileset_file ./alt_xcvr_reconfig_cpu_mm_interconnect_0_avalon_st_adapter_error_adapter_0.sv SYSTEM_VERILOG PATH ../../../../../../../tmp/alt0099_4428286666975366168.dir/0022_alt_xcvr_reconfig_0_gen/QUARTUS_SYNTH/submodules/alt_xcvr_reconfig_cpu_mm_interconnect_0_avalon_st_adapter_error_adapter_0.sv
Info: alt_xcvr_reconfig_0: "pcie_system" instantiated alt_xcvr_reconfig "alt_xcvr_reconfig_0"
Info: intel_lw_uart_0: "pcie_system" instantiated intel_lw_uart "intel_lw_uart_0"
Info: pcie1: add_fileset_file ./altera_xcvr_functions.sv SYSTEM_VERILOG PATH ../../altera_xcvr_generic/altera_xcvr_functions.sv
Info: pcie1: add_fileset_file ./sv_pcs.sv SYSTEM_VERILOG PATH ../../altera_xcvr_generic/sv/sv_pcs.sv
Info: pcie1: add_fileset_file ./sv_pcs_ch.sv SYSTEM_VERILOG PATH ../../altera_xcvr_generic/sv/sv_pcs_ch.sv
Info: pcie1: add_fileset_file ./sv_pma.sv SYSTEM_VERILOG PATH ../../altera_xcvr_generic/sv/sv_pma.sv
Info: pcie1: add_fileset_file ./sv_reconfig_bundle_to_xcvr.sv SYSTEM_VERILOG PATH ../../altera_xcvr_generic/sv/sv_reconfig_bundle_to_xcvr.sv
Info: pcie1: add_fileset_file ./sv_reconfig_bundle_to_ip.sv SYSTEM_VERILOG PATH ../../altera_xcvr_generic/sv/sv_reconfig_bundle_to_ip.sv
Info: pcie1: add_fileset_file ./sv_reconfig_bundle_merger.sv SYSTEM_VERILOG PATH ../../altera_xcvr_generic/sv/sv_reconfig_bundle_merger.sv
Info: pcie1: add_fileset_file ./sv_rx_pma.sv SYSTEM_VERILOG PATH ../../altera_xcvr_generic/sv/sv_rx_pma.sv
Info: pcie1: add_fileset_file ./sv_tx_pma.sv SYSTEM_VERILOG PATH ../../altera_xcvr_generic/sv/sv_tx_pma.sv
Info: pcie1: add_fileset_file ./sv_tx_pma_ch.sv SYSTEM_VERILOG PATH ../../altera_xcvr_generic/sv/sv_tx_pma_ch.sv
Info: pcie1: add_fileset_file ./sv_xcvr_h.sv SYSTEM_VERILOG PATH ../../altera_xcvr_generic/sv/sv_xcvr_h.sv
Info: pcie1: add_fileset_file ./sv_xcvr_avmm_csr.sv SYSTEM_VERILOG PATH ../../altera_xcvr_generic/sv/sv_xcvr_avmm_csr.sv
Info: pcie1: add_fileset_file ./sv_xcvr_avmm_dcd.sv SYSTEM_VERILOG PATH ../../altera_xcvr_generic/sv/sv_xcvr_avmm_dcd.sv
Info: pcie1: add_fileset_file ./sv_xcvr_avmm.sv SYSTEM_VERILOG PATH ../../altera_xcvr_generic/sv/sv_xcvr_avmm.sv
Info: pcie1: add_fileset_file ./sv_xcvr_data_adapter.sv SYSTEM_VERILOG PATH ../../altera_xcvr_generic/sv/sv_xcvr_data_adapter.sv
Info: pcie1: add_fileset_file ./sv_xcvr_native.sv SYSTEM_VERILOG PATH ../../altera_xcvr_generic/sv/sv_xcvr_native.sv
Info: pcie1: add_fileset_file ./sv_xcvr_plls.sv SYSTEM_VERILOG PATH ../../altera_xcvr_generic/sv/sv_xcvr_plls.sv
Info: pcie1: add_fileset_file ./alt_xcvr_resync.sv SYSTEM_VERILOG PATH ../../altera_xcvr_generic/ctrl/alt_xcvr_resync.sv
Info: pcie1: add_fileset_file ./sv_hssi_10g_rx_pcs_rbc.sv SYSTEM_VERILOG PATH ../../altera_xcvr_generic/sv/rbc/sv_hssi_10g_rx_pcs_rbc.sv
Info: pcie1: add_fileset_file ./sv_hssi_10g_tx_pcs_rbc.sv SYSTEM_VERILOG PATH ../../altera_xcvr_generic/sv/rbc/sv_hssi_10g_tx_pcs_rbc.sv
Info: pcie1: add_fileset_file ./sv_hssi_8g_rx_pcs_rbc.sv SYSTEM_VERILOG PATH ../../altera_xcvr_generic/sv/rbc/sv_hssi_8g_rx_pcs_rbc.sv
Info: pcie1: add_fileset_file ./sv_hssi_8g_tx_pcs_rbc.sv SYSTEM_VERILOG PATH ../../altera_xcvr_generic/sv/rbc/sv_hssi_8g_tx_pcs_rbc.sv
Info: pcie1: add_fileset_file ./sv_hssi_8g_pcs_aggregate_rbc.sv SYSTEM_VERILOG PATH ../../altera_xcvr_generic/sv/rbc/sv_hssi_8g_pcs_aggregate_rbc.sv
Info: pcie1: add_fileset_file ./sv_hssi_common_pcs_pma_interface_rbc.sv SYSTEM_VERILOG PATH ../../altera_xcvr_generic/sv/rbc/sv_hssi_common_pcs_pma_interface_rbc.sv
Info: pcie1: add_fileset_file ./sv_hssi_common_pld_pcs_interface_rbc.sv SYSTEM_VERILOG PATH ../../altera_xcvr_generic/sv/rbc/sv_hssi_common_pld_pcs_interface_rbc.sv
Info: pcie1: add_fileset_file ./sv_hssi_pipe_gen1_2_rbc.sv SYSTEM_VERILOG PATH ../../altera_xcvr_generic/sv/rbc/sv_hssi_pipe_gen1_2_rbc.sv
Info: pcie1: add_fileset_file ./sv_hssi_pipe_gen3_rbc.sv SYSTEM_VERILOG PATH ../../altera_xcvr_generic/sv/rbc/sv_hssi_pipe_gen3_rbc.sv
Info: pcie1: add_fileset_file ./sv_hssi_rx_pcs_pma_interface_rbc.sv SYSTEM_VERILOG PATH ../../altera_xcvr_generic/sv/rbc/sv_hssi_rx_pcs_pma_interface_rbc.sv
Info: pcie1: add_fileset_file ./sv_hssi_rx_pld_pcs_interface_rbc.sv SYSTEM_VERILOG PATH ../../altera_xcvr_generic/sv/rbc/sv_hssi_rx_pld_pcs_interface_rbc.sv
Info: pcie1: add_fileset_file ./sv_hssi_tx_pcs_pma_interface_rbc.sv SYSTEM_VERILOG PATH ../../altera_xcvr_generic/sv/rbc/sv_hssi_tx_pcs_pma_interface_rbc.sv
Info: pcie1: add_fileset_file ./sv_hssi_tx_pld_pcs_interface_rbc.sv SYSTEM_VERILOG PATH ../../altera_xcvr_generic/sv/rbc/sv_hssi_tx_pld_pcs_interface_rbc.sv
Info: pcie1: add_fileset_file ./sv_xcvr_emsip_adapter.sv SYSTEM_VERILOG PATH ../../altera_pcie_pipe/sv/sv_xcvr_emsip_adapter.sv
Info: pcie1: add_fileset_file ./sv_xcvr_pipe_native.sv SYSTEM_VERILOG PATH ../../altera_pcie_pipe/sv/sv_xcvr_pipe_native.sv
Info: pcie1: "pcie_system" instantiated altera_pcie_sv_hip_avmm "pcie1"
Info: Reusing file /home/julien/work/storey_peak/jtag_uart_example_23/qsys/pcie_system/synthesis/submodules/altera_xcvr_functions.sv
Info: Reusing file /home/julien/work/storey_peak/jtag_uart_example_23/qsys/pcie_system/synthesis/submodules/sv_xcvr_h.sv
Info: Reusing file /home/julien/work/storey_peak/jtag_uart_example_23/qsys/pcie_system/synthesis/submodules/alt_xcvr_resync.sv
Warning: Overwriting different file /home/julien/work/storey_peak/jtag_uart_example_23/qsys/pcie_system/synthesis/submodules/plain_files.txt
Info: sysid_qsys_0: "pcie_system" instantiated altera_avalon_sysid_qsys "sysid_qsys_0"
Info: avalon_st_adapter: Inserting error_adapter: error_adapter_0
Info: avalon_st_adapter_001: Inserting error_adapter: error_adapter_0
Info: mm_interconnect_0: "pcie_system" instantiated altera_mm_interconnect "mm_interconnect_0"
Info: rst_controller: "pcie_system" instantiated altera_reset_controller "rst_controller"
Info: Reusing file /home/julien/work/storey_peak/jtag_uart_example_23/qsys/pcie_system/synthesis/submodules/altera_reset_controller.v
Info: Reusing file /home/julien/work/storey_peak/jtag_uart_example_23/qsys/pcie_system/synthesis/submodules/altera_reset_synchronizer.v
Info: Reusing file /home/julien/work/storey_peak/jtag_uart_example_23/qsys/pcie_system/synthesis/submodules/altera_reset_controller.sdc
Info: pcie1_Rxm_BAR0_translator: "mm_interconnect_0" instantiated altera_merlin_master_translator "pcie1_Rxm_BAR0_translator"
Info: Reusing file /home/julien/work/storey_peak/jtag_uart_example_23/qsys/pcie_system/synthesis/submodules/altera_merlin_master_translator.sv
Info: sysid_qsys_0_control_slave_translator: "mm_interconnect_0" instantiated altera_merlin_slave_translator "sysid_qsys_0_control_slave_translator"
Info: Reusing file /home/julien/work/storey_peak/jtag_uart_example_23/qsys/pcie_system/synthesis/submodules/altera_merlin_slave_translator.sv
Info: pcie1_Rxm_BAR0_agent: "mm_interconnect_0" instantiated altera_merlin_master_agent "pcie1_Rxm_BAR0_agent"
Info: Reusing file /home/julien/work/storey_peak/jtag_uart_example_23/qsys/pcie_system/synthesis/submodules/altera_merlin_master_agent.sv
Info: sysid_qsys_0_control_slave_agent: "mm_interconnect_0" instantiated altera_merlin_slave_agent "sysid_qsys_0_control_slave_agent"
Info: Reusing file /home/julien/work/storey_peak/jtag_uart_example_23/qsys/pcie_system/synthesis/submodules/altera_merlin_slave_agent.sv
Info: Reusing file /home/julien/work/storey_peak/jtag_uart_example_23/qsys/pcie_system/synthesis/submodules/altera_merlin_burst_uncompressor.sv
Info: sysid_qsys_0_control_slave_agent_rsp_fifo: "mm_interconnect_0" instantiated altera_avalon_sc_fifo "sysid_qsys_0_control_slave_agent_rsp_fifo"
Info: Reusing file /home/julien/work/storey_peak/jtag_uart_example_23/qsys/pcie_system/synthesis/submodules/altera_avalon_sc_fifo.v
Info: router: "mm_interconnect_0" instantiated altera_merlin_router "router"
Info: router_001: "mm_interconnect_0" instantiated altera_merlin_router "router_001"
Info: pcie1_Rxm_BAR0_limiter: "mm_interconnect_0" instantiated altera_merlin_traffic_limiter "pcie1_Rxm_BAR0_limiter"
Info: Reusing file /home/julien/work/storey_peak/jtag_uart_example_23/qsys/pcie_system/synthesis/submodules/altera_avalon_sc_fifo.v
Info: sysid_qsys_0_control_slave_burst_adapter: "mm_interconnect_0" instantiated altera_merlin_burst_adapter "sysid_qsys_0_control_slave_burst_adapter"
Info: Reusing file /home/julien/work/storey_peak/jtag_uart_example_23/qsys/pcie_system/synthesis/submodules/altera_avalon_st_pipeline_base.v
Info: cmd_demux: "mm_interconnect_0" instantiated altera_merlin_demultiplexer "cmd_demux"
Info: cmd_mux: "mm_interconnect_0" instantiated altera_merlin_multiplexer "cmd_mux"
Info: Reusing file /home/julien/work/storey_peak/jtag_uart_example_23/qsys/pcie_system/synthesis/submodules/altera_merlin_arbitrator.sv
Info: rsp_demux: "mm_interconnect_0" instantiated altera_merlin_demultiplexer "rsp_demux"
Info: rsp_mux: "mm_interconnect_0" instantiated altera_merlin_multiplexer "rsp_mux"
Info: Reusing file /home/julien/work/storey_peak/jtag_uart_example_23/qsys/pcie_system/synthesis/submodules/altera_merlin_arbitrator.sv
Info: sysid_qsys_0_control_slave_rsp_width_adapter: "mm_interconnect_0" instantiated altera_merlin_width_adapter "sysid_qsys_0_control_slave_rsp_width_adapter"
Info: Reusing file /home/julien/work/storey_peak/jtag_uart_example_23/qsys/pcie_system/synthesis/submodules/altera_merlin_address_alignment.sv
Info: Reusing file /home/julien/work/storey_peak/jtag_uart_example_23/qsys/pcie_system/synthesis/submodules/altera_merlin_burst_uncompressor.sv
Info: avalon_st_adapter: "mm_interconnect_0" instantiated altera_avalon_st_adapter "avalon_st_adapter"
Info: error_adapter_0: "avalon_st_adapter" instantiated error_adapter "error_adapter_0"
Info: pcie_system: Done "pcie_system" with 23 modules, 235 files
Info: qsys-generate succeeded.
Info: Finished: Create HDL design files for synthesis
